<?xml version="1.0" encoding="UTF-8"?>
<!-- Generated by org.testng.reporters.JUnitReportReporter -->
<testsuite hostname="HJNZL001240" failures="0" tests="1" name="application.apitests.GetAPITests" time="0.465" errors="0" timestamp="2022-12-23T11:21:51 IST" skipped="0">
  <testcase classname="application.apitests.GetAPITests" name="testGetApi" time="0.465"/>
  <system-out/>
</testsuite> <!-- application.apitests.GetAPITests -->
